2011-12-14 06:33:19 Notice: Notice (8): Undefined index:  Npo in [/home/isteam/public_html/churchesnpo/app/views/elements/sent/listing.ctp, line 56]
2011-12-14 06:45:26 Notice: Notice (8): Undefined index:  group in [/home/isteam/public_html/churchesnpo/app/plugins/uploader/controllers/components/uploader.php, line 1136]
2011-12-14 06:45:26 Notice: Notice (8): Undefined index:  donate in [/home/isteam/public_html/churchesnpo/app/controllers/news_controller.php, line 99]
2011-12-14 06:46:35 Notice: Notice (8): Undefined index:  group in [/home/isteam/public_html/churchesnpo/app/plugins/uploader/controllers/components/uploader.php, line 1136]
2011-12-14 06:46:35 Notice: Notice (8): Undefined index:  donate in [/home/isteam/public_html/churchesnpo/app/controllers/news_controller.php, line 99]
2011-12-14 06:47:56 Notice: Notice (8): Undefined index:  donate in [/home/isteam/public_html/churchesnpo/app/controllers/events_controller.php, line 105]
2011-12-14 06:53:38 Notice: Notice (8): Undefined index:  group in [/home/isteam/public_html/churchesnpo/app/plugins/uploader/controllers/components/uploader.php, line 1136]
2011-12-14 06:53:38 Notice: Notice (8): Undefined index:  donate in [/home/isteam/public_html/churchesnpo/app/controllers/news_controller.php, line 99]
2011-12-14 06:58:02 Notice: Notice (8): Undefined index:  group in [/home/isteam/public_html/churchesnpo/app/plugins/uploader/controllers/components/uploader.php, line 1136]
2011-12-15 22:15:21 Notice: Notice (8): Undefined index:  group in [/home/isteam/public_html/churchesnpo/app/plugins/uploader/controllers/components/uploader.php, line 1136]
2011-12-15 22:15:50 Notice: Notice (8): Undefined index:  group in [/home/isteam/public_html/churchesnpo/app/plugins/uploader/controllers/components/uploader.php, line 1136]
2012-01-03 05:36:28 Notice: Notice (8): Undefined variable: fee in [/home/isteam/public_html/churchesnpo/app/views/elements/header.ctp, line 55]
2012-01-03 05:57:08 Notice: Notice (8): Undefined index:  image in [/home/isteam/public_html/churchesnpo/app/controllers/sites_controller.php, line 21]
2012-01-03 05:57:09 Notice: Notice (8): Undefined index:  image in [/home/isteam/public_html/churchesnpo/app/controllers/sites_controller.php, line 21]
2012-01-03 06:04:52 Notice: Notice (8): Undefined index:  image in [/home/isteam/public_html/churchesnpo/app/controllers/sites_controller.php, line 21]
2012-01-03 06:08:51 Notice: Notice (8): Undefined variable: paypal in [/home/isteam/public_html/churchesnpo/app/views/elements/header.ctp, line 55]
2012-01-03 06:09:10 Notice: Notice (8): Undefined variable: paypal in [/home/isteam/public_html/churchesnpo/app/views/elements/header.ctp, line 55]
2012-01-03 06:11:39 Notice: Notice (8): Undefined variable: paypal in [/home/isteam/public_html/churchesnpo/app/views/elements/header.ctp, line 55]
2012-01-03 06:11:54 Notice: Notice (8): Undefined variable: paypal in [/home/isteam/public_html/churchesnpo/app/views/elements/header.ctp, line 55]
2012-01-03 06:16:57 Notice: Notice (8): Undefined variable: paypal in [/home/isteam/public_html/churchesnpo/app/views/elements/header.ctp, line 55]
2012-01-03 06:20:45 Notice: Notice (8): Undefined variable: paypal in [/home/isteam/public_html/churchesnpo/app/views/elements/header.ctp, line 55]
2012-01-03 06:32:15 Notice: Notice (8): Undefined variable: paypal in [/home/isteam/public_html/churchesnpo/app/views/elements/header.ctp, line 55]
2012-01-03 06:33:51 Notice: Notice (8): Undefined variable: paypal in [/home/isteam/public_html/churchesnpo/app/views/elements/header.ctp, line 55]
2012-01-03 06:34:08 Notice: Notice (8): Undefined variable: paypal in [/home/isteam/public_html/churchesnpo/app/views/elements/header.ctp, line 55]
2012-01-03 06:34:48 Notice: Notice (8): Undefined variable: paypal in [/home/isteam/public_html/churchesnpo/app/views/elements/header.ctp, line 55]
2012-01-03 06:35:54 Notice: Notice (8): Undefined variable: paypal in [/home/isteam/public_html/churchesnpo/app/views/elements/header.ctp, line 55]
2012-01-03 06:36:04 Notice: Notice (8): Undefined variable: paypal in [/home/isteam/public_html/churchesnpo/app/views/elements/header.ctp, line 55]
2012-01-03 06:36:57 Notice: Notice (8): Undefined variable: paypal in [/home/isteam/public_html/churchesnpo/app/views/elements/header.ctp, line 55]
2012-01-03 06:37:49 Notice: Notice (8): Undefined variable: paypal in [/home/isteam/public_html/churchesnpo/app/views/elements/header.ctp, line 55]
2012-01-03 06:38:47 Notice: Notice (8): Undefined variable: paypal in [/home/isteam/public_html/churchesnpo/app/views/elements/header.ctp, line 55]
2012-01-18 22:13:38 Notice: Notice (8): Undefined index:  about in [/home/isteam/public_html/churchesnpo/app/controllers/registrations_controller.php, line 92]
2012-01-18 22:13:38 Notice: Notice (8): Undefined index:  contact in [/home/isteam/public_html/churchesnpo/app/controllers/registrations_controller.php, line 96]
2012-01-18 22:13:38 Notice: Notice (8): Undefined index:  store in [/home/isteam/public_html/churchesnpo/app/controllers/registrations_controller.php, line 100]
2012-01-18 22:13:38 Notice: Notice (8): Undefined index:  services in [/home/isteam/public_html/churchesnpo/app/controllers/registrations_controller.php, line 104]
2012-01-18 22:13:38 Notice: Notice (8): Undefined index:  calender in [/home/isteam/public_html/churchesnpo/app/controllers/registrations_controller.php, line 108]
2012-01-18 22:13:38 Notice: Notice (8): Undefined index:  testimonial in [/home/isteam/public_html/churchesnpo/app/controllers/registrations_controller.php, line 112]
2012-01-18 22:13:38 Notice: Notice (8): Undefined index:  blog in [/home/isteam/public_html/churchesnpo/app/controllers/registrations_controller.php, line 116]
2012-01-18 22:13:38 Notice: Notice (8): Undefined index:  gallery in [/home/isteam/public_html/churchesnpo/app/controllers/registrations_controller.php, line 120]
2012-01-18 22:16:07 Notice: Notice (8): Undefined index:  group in [/home/isteam/public_html/churchesnpo/app/plugins/uploader/controllers/components/uploader.php, line 1136]
2012-01-18 22:17:52 Notice: Notice (8): Undefined index:  group in [/home/isteam/public_html/churchesnpo/app/plugins/uploader/controllers/components/uploader.php, line 1136]
