2011-11-24 06:34:52 Warning: Warning (2): mkdir() [<a href='function.mkdir'>function.mkdir</a>]: File exists in [/home/isteam/public_html/churchesnpo/app/controllers/registrations_controller.php, line 74]
2011-11-24 06:34:52 Warning: Warning (2): mkdir() [<a href='function.mkdir'>function.mkdir</a>]: File exists in [/home/isteam/public_html/churchesnpo/app/controllers/registrations_controller.php, line 75]
2011-11-24 06:34:52 Warning: Warning (2): mkdir() [<a href='function.mkdir'>function.mkdir</a>]: File exists in [/home/isteam/public_html/churchesnpo/app/controllers/registrations_controller.php, line 76]
2011-12-11 22:29:01 Warning: Warning (2): mysql_connect() [<a href='function.mysql-connect'>function.mysql-connect</a>]: Can't connect to local MySQL server through socket '/var/lib/mysql/mysql.sock' (11) in [/home/isteam/public_html/churchesnpo/cake/libs/model/datasources/dbo/dbo_mysql.php, line 561]
2011-12-11 22:29:01 Warning: Warning (2): mysql_query(): supplied argument is not a valid MySQL-Link resource in [/home/isteam/public_html/churchesnpo/cake/libs/model/datasources/dbo/dbo_mysql.php, line 613]
2011-12-11 22:29:24 Warning: Warning (2): mysql_connect() [<a href='function.mysql-connect'>function.mysql-connect</a>]: Can't connect to local MySQL server through socket '/var/lib/mysql/mysql.sock' (11) in [/home/isteam/public_html/churchesnpo/cake/libs/model/datasources/dbo/dbo_mysql.php, line 561]
2011-12-11 22:29:24 Warning: Warning (2): mysql_query(): supplied argument is not a valid MySQL-Link resource in [/home/isteam/public_html/churchesnpo/cake/libs/model/datasources/dbo/dbo_mysql.php, line 613]
2011-12-11 22:29:43 Warning: Warning (2): mysql_connect() [<a href='function.mysql-connect'>function.mysql-connect</a>]: Can't connect to local MySQL server through socket '/var/lib/mysql/mysql.sock' (11) in [/home/isteam/public_html/churchesnpo/cake/libs/model/datasources/dbo/dbo_mysql.php, line 561]
2011-12-11 22:29:43 Warning: Warning (2): mysql_query(): supplied argument is not a valid MySQL-Link resource in [/home/isteam/public_html/churchesnpo/cake/libs/model/datasources/dbo/dbo_mysql.php, line 613]
2011-12-11 22:30:24 Warning: Warning (2): mysql_connect() [<a href='http://php.net/function.mysql-connect'>function.mysql-connect</a>]: Can't connect to local MySQL server through socket '/var/lib/mysql/mysql.sock' (11) in [/home/isteam/public_html/churchesnpo/cake/libs/model/datasources/dbo/dbo_mysql.php, line 561]
2011-12-11 22:30:24 Warning: Warning (2): mysql_query(): supplied argument is not a valid MySQL-Link resource in [/home/isteam/public_html/churchesnpo/cake/libs/model/datasources/dbo/dbo_mysql.php, line 613]
2011-12-11 22:30:47 Warning: Warning (2): mysql_connect() [<a href='http://php.net/function.mysql-connect'>function.mysql-connect</a>]: Can't connect to local MySQL server through socket '/var/lib/mysql/mysql.sock' (11) in [/home/isteam/public_html/churchesnpo/cake/libs/model/datasources/dbo/dbo_mysql.php, line 561]
2011-12-11 22:30:47 Warning: Warning (2): mysql_query(): supplied argument is not a valid MySQL-Link resource in [/home/isteam/public_html/churchesnpo/cake/libs/model/datasources/dbo/dbo_mysql.php, line 613]
2011-12-11 22:30:56 Warning: Warning (2): mysql_connect() [<a href='http://php.net/function.mysql-connect'>function.mysql-connect</a>]: Can't connect to local MySQL server through socket '/var/lib/mysql/mysql.sock' (11) in [/home/isteam/public_html/churchesnpo/cake/libs/model/datasources/dbo/dbo_mysql.php, line 561]
2011-12-11 22:30:56 Warning: Warning (2): mysql_query(): supplied argument is not a valid MySQL-Link resource in [/home/isteam/public_html/churchesnpo/cake/libs/model/datasources/dbo/dbo_mysql.php, line 613]
2011-12-11 22:31:11 Warning: Warning (2): mysql_connect() [<a href='function.mysql-connect'>function.mysql-connect</a>]: Can't connect to local MySQL server through socket '/var/lib/mysql/mysql.sock' (11) in [/home/isteam/public_html/churchesnpo/cake/libs/model/datasources/dbo/dbo_mysql.php, line 561]
2011-12-11 22:31:11 Warning: Warning (2): mysql_query(): supplied argument is not a valid MySQL-Link resource in [/home/isteam/public_html/churchesnpo/cake/libs/model/datasources/dbo/dbo_mysql.php, line 613]
2011-12-11 22:31:28 Warning: Warning (2): mysql_connect() [<a href='function.mysql-connect'>function.mysql-connect</a>]: Can't connect to local MySQL server through socket '/var/lib/mysql/mysql.sock' (11) in [/home/isteam/public_html/churchesnpo/cake/libs/model/datasources/dbo/dbo_mysql.php, line 561]
2011-12-11 22:31:28 Warning: Warning (2): mysql_query(): supplied argument is not a valid MySQL-Link resource in [/home/isteam/public_html/churchesnpo/cake/libs/model/datasources/dbo/dbo_mysql.php, line 613]
2011-12-11 22:31:57 Warning: Warning (2): mysql_connect() [<a href='function.mysql-connect'>function.mysql-connect</a>]: Can't connect to local MySQL server through socket '/var/lib/mysql/mysql.sock' (11) in [/home/isteam/public_html/churchesnpo/cake/libs/model/datasources/dbo/dbo_mysql.php, line 561]
2011-12-11 22:31:57 Warning: Warning (2): mysql_query(): supplied argument is not a valid MySQL-Link resource in [/home/isteam/public_html/churchesnpo/cake/libs/model/datasources/dbo/dbo_mysql.php, line 613]
2011-12-11 22:32:07 Warning: Warning (2): mysql_connect() [<a href='function.mysql-connect'>function.mysql-connect</a>]: Can't connect to local MySQL server through socket '/var/lib/mysql/mysql.sock' (11) in [/home/isteam/public_html/churchesnpo/cake/libs/model/datasources/dbo/dbo_mysql.php, line 561]
2011-12-11 22:32:07 Warning: Warning (2): mysql_query(): supplied argument is not a valid MySQL-Link resource in [/home/isteam/public_html/churchesnpo/cake/libs/model/datasources/dbo/dbo_mysql.php, line 613]
2011-12-14 06:01:35 Warning: Warning (2): mkdir() [<a href='function.mkdir'>function.mkdir</a>]: No such file or directory in [/home/isteam/public_html/churchesnpo/app/controllers/registrations_controller.php, line 122]
2011-12-14 06:01:35 Warning: Warning (2): chmod() [<a href='function.chmod'>function.chmod</a>]: No such file or directory in [/home/isteam/public_html/churchesnpo/app/controllers/registrations_controller.php, line 126]
2011-12-14 06:45:26 Warning: Warning (2): copy() [<a href='http://php.net/function.copy'>function.copy</a>]: Filename cannot be empty in [/home/isteam/public_html/churchesnpo/app/plugins/uploader/controllers/components/uploader.php, line 1165]
2011-12-14 06:45:26 Warning: Warning (512): <span style="color:Red;text-align:left"><b>SQL Error:</b> 1048: Column 'is_donate' cannot be null</span> in [/home/isteam/public_html/churchesnpo/cake/libs/model/datasources/dbo_source.php, line 684]
2011-12-14 06:46:35 Warning: Warning (2): copy() [<a href='http://php.net/function.copy'>function.copy</a>]: Filename cannot be empty in [/home/isteam/public_html/churchesnpo/app/plugins/uploader/controllers/components/uploader.php, line 1165]
2011-12-14 06:46:35 Warning: Warning (512): <span style="color:Red;text-align:left"><b>SQL Error:</b> 1048: Column 'is_donate' cannot be null</span> in [/home/isteam/public_html/churchesnpo/cake/libs/model/datasources/dbo_source.php, line 684]
2011-12-14 06:47:56 Warning: Warning (512): <span style="color:Red;text-align:left"><b>SQL Error:</b> 1048: Column 'is_donate' cannot be null</span> in [/home/isteam/public_html/churchesnpo/cake/libs/model/datasources/dbo_source.php, line 684]
2011-12-14 06:53:38 Warning: Warning (2): copy() [<a href='http://php.net/function.copy'>function.copy</a>]: Filename cannot be empty in [/home/isteam/public_html/churchesnpo/app/plugins/uploader/controllers/components/uploader.php, line 1165]
2011-12-14 06:53:38 Warning: Warning (512): <span style="color:Red;text-align:left"><b>SQL Error:</b> 1048: Column 'is_donate' cannot be null</span> in [/home/isteam/public_html/churchesnpo/cake/libs/model/datasources/dbo_source.php, line 684]
2011-12-14 06:58:02 Warning: Warning (2): copy() [<a href='http://php.net/function.copy'>function.copy</a>]: Filename cannot be empty in [/home/isteam/public_html/churchesnpo/app/plugins/uploader/controllers/components/uploader.php, line 1165]
2011-12-15 00:07:50 Warning: Warning (2): mysql_connect() [<a href='http://php.net/function.mysql-connect'>function.mysql-connect</a>]: Can't connect to local MySQL server through socket '/var/lib/mysql/mysql.sock' (111) in [/home/isteam/public_html/churchesnpo/cake/libs/model/datasources/dbo/dbo_mysql.php, line 561]
2011-12-15 00:07:50 Warning: Warning (2): mysql_query(): supplied argument is not a valid MySQL-Link resource in [/home/isteam/public_html/churchesnpo/cake/libs/model/datasources/dbo/dbo_mysql.php, line 613]
2011-12-15 00:08:05 Warning: Warning (2): mysql_connect() [<a href='http://php.net/function.mysql-connect'>function.mysql-connect</a>]: Can't connect to local MySQL server through socket '/var/lib/mysql/mysql.sock' (111) in [/home/isteam/public_html/churchesnpo/cake/libs/model/datasources/dbo/dbo_mysql.php, line 561]
2011-12-15 00:08:05 Warning: Warning (2): mysql_query(): supplied argument is not a valid MySQL-Link resource in [/home/isteam/public_html/churchesnpo/cake/libs/model/datasources/dbo/dbo_mysql.php, line 613]
2011-12-15 01:50:41 Warning: Warning (2): implode() [<a href='http://php.net/function.implode'>function.implode</a>]: Invalid arguments passed in [/home/isteam/public_html/churchesnpo/app/controllers/members_controller.php, line 176]
2011-12-15 21:53:57 Warning: Warning (2): mkdir() [<a href='http://php.net/function.mkdir'>function.mkdir</a>]: No such file or directory in [/home/isteam/public_html/churchesnpo/app/controllers/registrations_controller.php, line 122]
2011-12-15 21:53:57 Warning: Warning (2): chmod() [<a href='http://php.net/function.chmod'>function.chmod</a>]: No such file or directory in [/home/isteam/public_html/churchesnpo/app/controllers/registrations_controller.php, line 126]
2011-12-15 22:15:21 Warning: Warning (2): copy() [<a href='http://php.net/function.copy'>function.copy</a>]: Filename cannot be empty in [/home/isteam/public_html/churchesnpo/app/plugins/uploader/controllers/components/uploader.php, line 1165]
2011-12-15 22:15:50 Warning: Warning (2): copy() [<a href='http://php.net/function.copy'>function.copy</a>]: Filename cannot be empty in [/home/isteam/public_html/churchesnpo/app/plugins/uploader/controllers/components/uploader.php, line 1165]
2011-12-16 00:07:51 Warning: Warning (2): mysql_connect() [<a href='http://php.net/function.mysql-connect'>function.mysql-connect</a>]: Can't connect to local MySQL server through socket '/var/lib/mysql/mysql.sock' (111) in [/home/isteam/public_html/churchesnpo/cake/libs/model/datasources/dbo/dbo_mysql.php, line 561]
2011-12-16 00:07:51 Warning: Warning (2): mysql_query(): supplied argument is not a valid MySQL-Link resource in [/home/isteam/public_html/churchesnpo/cake/libs/model/datasources/dbo/dbo_mysql.php, line 613]
2011-12-16 00:08:16 Warning: Warning (2): mysql_connect() [<a href='http://php.net/function.mysql-connect'>function.mysql-connect</a>]: Can't connect to local MySQL server through socket '/var/lib/mysql/mysql.sock' (111) in [/home/isteam/public_html/churchesnpo/cake/libs/model/datasources/dbo/dbo_mysql.php, line 561]
2011-12-16 00:08:16 Warning: Warning (2): mysql_query(): supplied argument is not a valid MySQL-Link resource in [/home/isteam/public_html/churchesnpo/cake/libs/model/datasources/dbo/dbo_mysql.php, line 613]
2011-12-16 00:08:19 Warning: Warning (2): mysql_connect() [<a href='http://php.net/function.mysql-connect'>function.mysql-connect</a>]: Can't connect to local MySQL server through socket '/var/lib/mysql/mysql.sock' (111) in [/home/isteam/public_html/churchesnpo/cake/libs/model/datasources/dbo/dbo_mysql.php, line 561]
2011-12-16 00:08:19 Warning: Warning (2): mysql_query(): supplied argument is not a valid MySQL-Link resource in [/home/isteam/public_html/churchesnpo/cake/libs/model/datasources/dbo/dbo_mysql.php, line 613]
2011-12-16 00:08:22 Warning: Warning (2): mysql_connect() [<a href='http://php.net/function.mysql-connect'>function.mysql-connect</a>]: Can't connect to local MySQL server through socket '/var/lib/mysql/mysql.sock' (111) in [/home/isteam/public_html/churchesnpo/cake/libs/model/datasources/dbo/dbo_mysql.php, line 561]
2011-12-16 00:08:22 Warning: Warning (2): mysql_query(): supplied argument is not a valid MySQL-Link resource in [/home/isteam/public_html/churchesnpo/cake/libs/model/datasources/dbo/dbo_mysql.php, line 613]
2011-12-16 00:08:24 Warning: Warning (2): mysql_connect() [<a href='http://php.net/function.mysql-connect'>function.mysql-connect</a>]: Can't connect to local MySQL server through socket '/var/lib/mysql/mysql.sock' (111) in [/home/isteam/public_html/churchesnpo/cake/libs/model/datasources/dbo/dbo_mysql.php, line 561]
2011-12-16 00:08:24 Warning: Warning (2): mysql_query(): supplied argument is not a valid MySQL-Link resource in [/home/isteam/public_html/churchesnpo/cake/libs/model/datasources/dbo/dbo_mysql.php, line 613]
2011-12-16 00:08:29 Warning: Warning (2): mysql_connect() [<a href='http://php.net/function.mysql-connect'>function.mysql-connect</a>]: Can't connect to local MySQL server through socket '/var/lib/mysql/mysql.sock' (111) in [/home/isteam/public_html/churchesnpo/cake/libs/model/datasources/dbo/dbo_mysql.php, line 561]
2011-12-16 00:08:29 Warning: Warning (2): mysql_query(): supplied argument is not a valid MySQL-Link resource in [/home/isteam/public_html/churchesnpo/cake/libs/model/datasources/dbo/dbo_mysql.php, line 613]
2011-12-16 00:08:35 Warning: Warning (2): mysql_connect() [<a href='http://php.net/function.mysql-connect'>function.mysql-connect</a>]: Can't connect to local MySQL server through socket '/var/lib/mysql/mysql.sock' (111) in [/home/isteam/public_html/churchesnpo/cake/libs/model/datasources/dbo/dbo_mysql.php, line 561]
2011-12-16 00:08:35 Warning: Warning (2): mysql_query(): supplied argument is not a valid MySQL-Link resource in [/home/isteam/public_html/churchesnpo/cake/libs/model/datasources/dbo/dbo_mysql.php, line 613]
2011-12-16 00:08:39 Warning: Warning (2): mysql_connect() [<a href='http://php.net/function.mysql-connect'>function.mysql-connect</a>]: Can't connect to local MySQL server through socket '/var/lib/mysql/mysql.sock' (111) in [/home/isteam/public_html/churchesnpo/cake/libs/model/datasources/dbo/dbo_mysql.php, line 561]
2011-12-16 00:08:39 Warning: Warning (2): mysql_query(): supplied argument is not a valid MySQL-Link resource in [/home/isteam/public_html/churchesnpo/cake/libs/model/datasources/dbo/dbo_mysql.php, line 613]
2011-12-16 00:08:49 Warning: Warning (2): mysql_connect() [<a href='http://php.net/function.mysql-connect'>function.mysql-connect</a>]: Can't connect to local MySQL server through socket '/var/lib/mysql/mysql.sock' (111) in [/home/isteam/public_html/churchesnpo/cake/libs/model/datasources/dbo/dbo_mysql.php, line 561]
2011-12-16 00:08:49 Warning: Warning (2): mysql_query(): supplied argument is not a valid MySQL-Link resource in [/home/isteam/public_html/churchesnpo/cake/libs/model/datasources/dbo/dbo_mysql.php, line 613]
2011-12-16 00:09:01 Warning: Warning (2): mysql_connect() [<a href='http://php.net/function.mysql-connect'>function.mysql-connect</a>]: Can't connect to local MySQL server through socket '/var/lib/mysql/mysql.sock' (111) in [/home/isteam/public_html/churchesnpo/cake/libs/model/datasources/dbo/dbo_mysql.php, line 561]
2011-12-16 00:09:01 Warning: Warning (2): mysql_query(): supplied argument is not a valid MySQL-Link resource in [/home/isteam/public_html/churchesnpo/cake/libs/model/datasources/dbo/dbo_mysql.php, line 613]
2011-12-16 00:09:11 Warning: Warning (2): mysql_connect() [<a href='http://php.net/function.mysql-connect'>function.mysql-connect</a>]: Can't connect to local MySQL server through socket '/var/lib/mysql/mysql.sock' (111) in [/home/isteam/public_html/churchesnpo/cake/libs/model/datasources/dbo/dbo_mysql.php, line 561]
2011-12-16 00:09:11 Warning: Warning (2): mysql_query(): supplied argument is not a valid MySQL-Link resource in [/home/isteam/public_html/churchesnpo/cake/libs/model/datasources/dbo/dbo_mysql.php, line 613]
2011-12-16 00:09:28 Warning: Warning (2): mysql_connect() [<a href='http://php.net/function.mysql-connect'>function.mysql-connect</a>]: Can't connect to local MySQL server through socket '/var/lib/mysql/mysql.sock' (111) in [/home/isteam/public_html/churchesnpo/cake/libs/model/datasources/dbo/dbo_mysql.php, line 561]
2011-12-16 00:09:28 Warning: Warning (2): mysql_query(): supplied argument is not a valid MySQL-Link resource in [/home/isteam/public_html/churchesnpo/cake/libs/model/datasources/dbo/dbo_mysql.php, line 613]
2011-12-16 00:09:31 Warning: Warning (2): mysql_connect() [<a href='http://php.net/function.mysql-connect'>function.mysql-connect</a>]: Can't connect to local MySQL server through socket '/var/lib/mysql/mysql.sock' (111) in [/home/isteam/public_html/churchesnpo/cake/libs/model/datasources/dbo/dbo_mysql.php, line 561]
2011-12-16 00:09:31 Warning: Warning (2): mysql_query(): supplied argument is not a valid MySQL-Link resource in [/home/isteam/public_html/churchesnpo/cake/libs/model/datasources/dbo/dbo_mysql.php, line 613]
2011-12-16 00:09:43 Warning: Warning (2): mysql_connect() [<a href='http://php.net/function.mysql-connect'>function.mysql-connect</a>]: Can't connect to local MySQL server through socket '/var/lib/mysql/mysql.sock' (111) in [/home/isteam/public_html/churchesnpo/cake/libs/model/datasources/dbo/dbo_mysql.php, line 561]
2011-12-16 00:09:43 Warning: Warning (2): mysql_query(): supplied argument is not a valid MySQL-Link resource in [/home/isteam/public_html/churchesnpo/cake/libs/model/datasources/dbo/dbo_mysql.php, line 613]
2011-12-16 00:09:47 Warning: Warning (2): mysql_connect() [<a href='http://php.net/function.mysql-connect'>function.mysql-connect</a>]: Can't connect to local MySQL server through socket '/var/lib/mysql/mysql.sock' (111) in [/home/isteam/public_html/churchesnpo/cake/libs/model/datasources/dbo/dbo_mysql.php, line 561]
2011-12-16 00:09:47 Warning: Warning (2): mysql_query(): supplied argument is not a valid MySQL-Link resource in [/home/isteam/public_html/churchesnpo/cake/libs/model/datasources/dbo/dbo_mysql.php, line 613]
2011-12-16 00:09:49 Warning: Warning (2): mysql_connect() [<a href='http://php.net/function.mysql-connect'>function.mysql-connect</a>]: Can't connect to local MySQL server through socket '/var/lib/mysql/mysql.sock' (111) in [/home/isteam/public_html/churchesnpo/cake/libs/model/datasources/dbo/dbo_mysql.php, line 561]
2011-12-16 00:09:49 Warning: Warning (2): mysql_query(): supplied argument is not a valid MySQL-Link resource in [/home/isteam/public_html/churchesnpo/cake/libs/model/datasources/dbo/dbo_mysql.php, line 613]
2011-12-16 00:09:55 Warning: Warning (2): mysql_connect() [<a href='http://php.net/function.mysql-connect'>function.mysql-connect</a>]: Can't connect to local MySQL server through socket '/var/lib/mysql/mysql.sock' (111) in [/home/isteam/public_html/churchesnpo/cake/libs/model/datasources/dbo/dbo_mysql.php, line 561]
2011-12-16 00:09:55 Warning: Warning (2): mysql_query(): supplied argument is not a valid MySQL-Link resource in [/home/isteam/public_html/churchesnpo/cake/libs/model/datasources/dbo/dbo_mysql.php, line 613]
2011-12-16 00:10:24 Warning: Warning (2): mysql_connect() [<a href='http://php.net/function.mysql-connect'>function.mysql-connect</a>]: Can't connect to local MySQL server through socket '/var/lib/mysql/mysql.sock' (111) in [/home/isteam/public_html/churchesnpo/cake/libs/model/datasources/dbo/dbo_mysql.php, line 561]
2011-12-16 00:10:24 Warning: Warning (2): mysql_query(): supplied argument is not a valid MySQL-Link resource in [/home/isteam/public_html/churchesnpo/cake/libs/model/datasources/dbo/dbo_mysql.php, line 613]
2011-12-16 00:10:28 Warning: Warning (2): mysql_connect() [<a href='http://php.net/function.mysql-connect'>function.mysql-connect</a>]: Can't connect to local MySQL server through socket '/var/lib/mysql/mysql.sock' (111) in [/home/isteam/public_html/churchesnpo/cake/libs/model/datasources/dbo/dbo_mysql.php, line 561]
2011-12-16 00:10:28 Warning: Warning (2): mysql_query(): supplied argument is not a valid MySQL-Link resource in [/home/isteam/public_html/churchesnpo/cake/libs/model/datasources/dbo/dbo_mysql.php, line 613]
2011-12-16 00:10:30 Warning: Warning (2): mysql_connect() [<a href='http://php.net/function.mysql-connect'>function.mysql-connect</a>]: Can't connect to local MySQL server through socket '/var/lib/mysql/mysql.sock' (2) in [/home/isteam/public_html/churchesnpo/cake/libs/model/datasources/dbo/dbo_mysql.php, line 561]
2011-12-16 00:10:30 Warning: Warning (2): mysql_query(): supplied argument is not a valid MySQL-Link resource in [/home/isteam/public_html/churchesnpo/cake/libs/model/datasources/dbo/dbo_mysql.php, line 613]
2011-12-16 00:10:33 Warning: Warning (2): mysql_connect() [<a href='http://php.net/function.mysql-connect'>function.mysql-connect</a>]: Can't connect to local MySQL server through socket '/var/lib/mysql/mysql.sock' (2) in [/home/isteam/public_html/churchesnpo/cake/libs/model/datasources/dbo/dbo_mysql.php, line 561]
2011-12-16 00:10:33 Warning: Warning (2): mysql_query(): supplied argument is not a valid MySQL-Link resource in [/home/isteam/public_html/churchesnpo/cake/libs/model/datasources/dbo/dbo_mysql.php, line 613]
2011-12-16 00:10:38 Warning: Warning (2): mysql_connect() [<a href='http://php.net/function.mysql-connect'>function.mysql-connect</a>]: Can't connect to local MySQL server through socket '/var/lib/mysql/mysql.sock' (2) in [/home/isteam/public_html/churchesnpo/cake/libs/model/datasources/dbo/dbo_mysql.php, line 561]
2011-12-16 00:10:38 Warning: Warning (2): mysql_query(): supplied argument is not a valid MySQL-Link resource in [/home/isteam/public_html/churchesnpo/cake/libs/model/datasources/dbo/dbo_mysql.php, line 613]
2012-01-03 06:10:51 Warning: Warning (512): <span style="color:Red;text-align:left"><b>SQL Error:</b> 1054: Unknown column 'Npo.isd' in 'field list'</span> in [/home/isteam/public_html/churchesnpo/cake/libs/model/datasources/dbo_source.php, line 684]
2012-01-03 06:11:11 Warning: Warning (512): <span style="color:Red;text-align:left"><b>SQL Error:</b> 1054: Unknown column 'Npo.isd' in 'field list'</span> in [/home/isteam/public_html/churchesnpo/cake/libs/model/datasources/dbo_source.php, line 684]
2012-01-03 06:11:14 Warning: Warning (512): <span style="color:Red;text-align:left"><b>SQL Error:</b> 1054: Unknown column 'Npo.isd' in 'field list'</span> in [/home/isteam/public_html/churchesnpo/cake/libs/model/datasources/dbo_source.php, line 684]
2012-01-03 06:11:15 Warning: Warning (512): <span style="color:Red;text-align:left"><b>SQL Error:</b> 1054: Unknown column 'Npo.isd' in 'field list'</span> in [/home/isteam/public_html/churchesnpo/cake/libs/model/datasources/dbo_source.php, line 684]
2012-01-03 06:11:25 Warning: Warning (512): <span style="color:Red;text-align:left"><b>SQL Error:</b> 1054: Unknown column 'Npo.isd' in 'field list'</span> in [/home/isteam/public_html/churchesnpo/cake/libs/model/datasources/dbo_source.php, line 684]
2012-01-03 06:12:00 Warning: Warning (512): <span style="color:Red;text-align:left"><b>SQL Error:</b> 1054: Unknown column 'Npo.isd' in 'field list'</span> in [/home/isteam/public_html/churchesnpo/cake/libs/model/datasources/dbo_source.php, line 684]
2012-01-03 06:27:21 Warning: Warning (2): mkdir() [<a href='http://php.net/function.mkdir'>function.mkdir</a>]: File exists in [/home/isteam/public_html/churchesnpo/app/controllers/registrations_controller.php, line 201]
2012-01-03 06:27:21 Warning: Warning (2): mkdir() [<a href='http://php.net/function.mkdir'>function.mkdir</a>]: File exists in [/home/isteam/public_html/churchesnpo/app/controllers/registrations_controller.php, line 211]
2012-01-03 06:27:21 Warning: Warning (2): mkdir() [<a href='http://php.net/function.mkdir'>function.mkdir</a>]: File exists in [/home/isteam/public_html/churchesnpo/app/controllers/registrations_controller.php, line 220]
2012-01-03 06:28:02 Warning: Warning (512): <span style="color:Red;text-align:left"><b>SQL Error:</b> 1054: Unknown column 'Npo.isd' in 'field list'</span> in [/home/isteam/public_html/churchesnpo/cake/libs/model/datasources/dbo_source.php, line 684]
2012-01-03 06:28:53 Warning: Warning (512): <span style="color:Red;text-align:left"><b>SQL Error:</b> 1054: Unknown column 'Npo.isd' in 'field list'</span> in [/home/isteam/public_html/churchesnpo/cake/libs/model/datasources/dbo_source.php, line 684]
2012-01-03 06:29:24 Warning: Warning (512): <span style="color:Red;text-align:left"><b>SQL Error:</b> 1054: Unknown column 'Npo.isd' in 'field list'</span> in [/home/isteam/public_html/churchesnpo/cake/libs/model/datasources/dbo_source.php, line 684]
2012-01-18 22:13:38 Warning: Warning (2): mkdir() [<a href='http://php.net/function.mkdir'>function.mkdir</a>]: File exists in [/home/isteam/public_html/churchesnpo/app/controllers/registrations_controller.php, line 202]
2012-01-18 22:13:38 Warning: Warning (2): mkdir() [<a href='http://php.net/function.mkdir'>function.mkdir</a>]: File exists in [/home/isteam/public_html/churchesnpo/app/controllers/registrations_controller.php, line 212]
2012-01-18 22:13:38 Warning: Warning (2): mkdir() [<a href='http://php.net/function.mkdir'>function.mkdir</a>]: File exists in [/home/isteam/public_html/churchesnpo/app/controllers/registrations_controller.php, line 221]
2012-01-18 22:13:38 Warning: Warning (2): mkdir() [<a href='http://php.net/function.mkdir'>function.mkdir</a>]: File exists in [/home/isteam/public_html/churchesnpo/app/controllers/registrations_controller.php, line 230]
2012-01-18 22:16:07 Warning: Warning (2): copy() [<a href='http://php.net/function.copy'>function.copy</a>]: Filename cannot be empty in [/home/isteam/public_html/churchesnpo/app/plugins/uploader/controllers/components/uploader.php, line 1165]
2012-01-18 22:17:52 Warning: Warning (2): copy() [<a href='http://php.net/function.copy'>function.copy</a>]: Filename cannot be empty in [/home/isteam/public_html/churchesnpo/app/plugins/uploader/controllers/components/uploader.php, line 1165]
2012-01-19 04:56:10 Warning: Warning (2): Wrong parameter count for str_replace() in [/home/isteam/public_html/churchesnpo/app/controllers/services_controller.php, line 91]
